# JRE version: OpenJDK Runtime Environment (11.0.5+10) (build 11.0.5+10-post-Ubuntu-0ubuntu1.118.04)
# Java VM: OpenJDK 64-Bit Server VM (11.0.5+10-post-Ubuntu-0ubuntu1.118.04, mixed mode, sharing, tiered, compressed oops, g1 gc, linux-amd64)
Heap:
 garbage-first heap   total 525312K, used 3623K [0x0000000085200000, 0x0000000100000000)
  region size 1024K, 1 young (1024K), 1 survivors (1024K)
 Metaspace       used 5575K, capacity 6714K, committed 6912K, reserved 1056768K
  class space    used 544K, capacity 698K, committed 768K, reserved 1048576K
GC Heap History (20 events):
Event: 188.641 GC heap after
{Heap after GC invocations=180 (full 0):
 garbage-first heap   total 129024K, used 3503K [0x0000000085200000, 0x0000000100000000)
  region size 1024K, 1 young (1024K), 1 survivors (1024K)
 Metaspace       used 5574K, capacity 6714K, committed 6912K, reserved 1056768K
  class space    used 544K, capacity 698K, committed 768K, reserved 1048576K
}
Event: 189.221 GC heap before
{Heap before GC invocations=180 (full 0):
 garbage-first heap   total 129024K, used 77231K [0x0000000085200000, 0x0000000100000000)
  region size 1024K, 74 young (75776K), 1 survivors (1024K)
 Metaspace       used 5574K, capacity 6714K, committed 6912K, reserved 1056768K
  class space    used 544K, capacity 698K, committed 768K, reserved 1048576K
}
Event: 191.580 GC heap after
{Heap after GC invocations=181 (full 0):
 garbage-first heap   total 175104K, used 3505K [0x0000000085200000, 0x0000000100000000)
  region size 1024K, 1 young (1024K), 1 survivors (1024K)
 Metaspace       used 5574K, capacity 6714K, committed 6912K, reserved 1056768K
  class space    used 544K, capacity 698K, committed 768K, reserved 1048576K
}
Event: 192.614 GC heap before
{Heap before GC invocations=181 (full 0):
 garbage-first heap   total 175104K, used 10673K [0x0000000085200000, 0x0000000100000000)
  region size 1024K, 8 young (8192K), 1 survivors (1024K)
 Metaspace       used 5574K, capacity 6714K, committed 6912K, reserved 1056768K
  class space    used 544K, capacity 698K, committed 768K, reserved 1048576K
}
Event: 196.171 GC heap after
{Heap after GC invocations=182 (full 0):
 garbage-first heap   total 175104K, used 3505K [0x0000000085200000, 0x0000000100000000)
  region size 1024K, 1 young (1024K), 1 survivors (1024K)
 Metaspace       used 5574K, capacity 6714K, committed 6912K, reserved 1056768K
  class space    used 544K, capacity 698K, committed 768K, reserved 1048576K
}
Event: 197.551 GC heap before
{Heap before GC invocations=182 (full 0):
 garbage-first heap   total 175104K, used 10673K [0x0000000085200000, 0x0000000100000000)
  region size 1024K, 8 young (8192K), 1 survivors (1024K)
 Metaspace       used 5574K, capacity 6714K, committed 6912K, reserved 1056768K
  class space    used 544K, capacity 698K, committed 768K, reserved 1048576K
}
Event: 198.560 GC heap after
{Heap after GC invocations=183 (full 0):
 garbage-first heap   total 175104K, used 3503K [0x0000000085200000, 0x0000000100000000)
  region size 1024K, 1 young (1024K), 1 survivors (1024K)
 Metaspace       used 5574K, capacity 6714K, committed 6912K, reserved 1056768K
  class space    used 544K, capacity 698K, committed 768K, reserved 1048576K
}
Event: 199.863 GC heap before
{Heap before GC invocations=183 (full 0):
 garbage-first heap   total 175104K, used 10671K [0x0000000085200000, 0x0000000100000000)
  region size 1024K, 8 young (8192K), 1 survivors (1024K)
 Metaspace       used 5574K, capacity 6714K, committed 6912K, reserved 1056768K
  class space    used 544K, capacity 698K, committed 768K, reserved 1048576K
}
Event: 199.863 GC heap after
{Heap after GC invocations=184 (full 0):
 garbage-first heap   total 175104K, used 3507K [0x0000000085200000, 0x0000000100000000)
  region size 1024K, 1 young (1024K), 1 survivors (1024K)
 Metaspace       used 5574K, capacity 6714K, committed 6912K, reserved 1056768K
  class space    used 544K, capacity 698K, committed 768K, reserved 1048576K
}
Event: 199.927 GC heap before
{Heap before GC invocations=184 (full 0):
 garbage-first heap   total 175104K, used 10675K [0x0000000085200000, 0x0000000100000000)
  region size 1024K, 8 young (8192K), 1 survivors (1024K)
 Metaspace       used 5574K, capacity 6714K, committed 6912K, reserved 1056768K
  class space    used 544K, capacity 698K, committed 768K, reserved 1048576K
}
Event: 199.927 GC heap after
{Heap after GC invocations=185 (full 0):
 garbage-first heap   total 175104K, used 3501K [0x0000000085200000, 0x0000000100000000)
  region size 1024K, 1 young (1024K), 1 survivors (1024K)
 Metaspace       used 5574K, capacity 6714K, committed 6912K, reserved 1056768K
  class space    used 544K, capacity 698K, committed 768K, reserved 1048576K
}
Event: 202.138 GC heap before
{Heap before GC invocations=185 (full 0):
 garbage-first heap   total 175104K, used 10669K [0x0000000085200000, 0x0000000100000000)
  region size 1024K, 8 young (8192K), 1 survivors (1024K)
 Metaspace       used 5574K, capacity 6714K, committed 6912K, reserved 1056768K
  class space    used 544K, capacity 698K, committed 768K, reserved 1048576K
}
Event: 202.139 GC heap after
{Heap after GC invocations=186 (full 0):
 garbage-first heap   total 175104K, used 3503K [0x0000000085200000, 0x0000000100000000)
  region size 1024K, 1 young (1024K), 1 survivors (1024K)
 Metaspace       used 5574K, capacity 6714K, committed 6912K, reserved 1056768K
  class space    used 544K, capacity 698K, committed 768K, reserved 1048576K
}
Event: 202.192 GC heap before
{Heap before GC invocations=186 (full 0):
 garbage-first heap   total 175104K, used 10671K [0x0000000085200000, 0x0000000100000000)
  region size 1024K, 8 young (8192K), 1 survivors (1024K)
 Metaspace       used 5574K, capacity 6714K, committed 6912K, reserved 1056768K
  class space    used 544K, capacity 698K, committed 768K, reserved 1048576K
}
Event: 202.193 GC heap after
{Heap after GC invocations=187 (full 0):
 garbage-first heap   total 175104K, used 3514K [0x0000000085200000, 0x0000000100000000)
  region size 1024K, 1 young (1024K), 1 survivors (1024K)
 Metaspace       used 5574K, capacity 6714K, committed 6912K, reserved 1056768K
  class space    used 544K, capacity 698K, committed 768K, reserved 1048576K
}
Event: 202.246 GC heap before
{Heap before GC invocations=187 (full 0):
 garbage-first heap   total 175104K, used 10682K [0x0000000085200000, 0x0000000100000000)
  region size 1024K, 8 young (8192K), 1 survivors (1024K)
 Metaspace       used 5574K, capacity 6714K, committed 6912K, reserved 1056768K
  class space    used 544K, capacity 698K, committed 768K, reserved 1048576K
}
Event: 202.246 GC heap after
{Heap after GC invocations=188 (full 0):
 garbage-first heap   total 175104K, used 3516K [0x0000000085200000, 0x0000000100000000)
  region size 1024K, 1 young (1024K), 1 survivors (1024K)
 Metaspace       used 5574K, capacity 6714K, committed 6912K, reserved 1056768K
  class space    used 544K, capacity 698K, committed 768K, reserved 1048576K
}
Event: 265.623 GC heap before
{Heap before GC invocations=188 (full 0):
 garbage-first heap   total 175104K, used 10684K [0x0000000085200000, 0x0000000100000000)
  region size 1024K, 8 young (8192K), 1 survivors (1024K)
 Metaspace       used 5574K, capacity 6714K, committed 6912K, reserved 1056768K
  class space    used 544K, capacity 698K, committed 768K, reserved 1048576K
}
Event: 267.783 GC heap after
{Heap after GC invocations=189 (full 0):
 garbage-first heap   total 175104K, used 3618K [0x0000000085200000, 0x0000000100000000)
  region size 1024K, 1 young (1024K), 1 survivors (1024K)
 Metaspace       used 5574K, capacity 6714K, committed 6912K, reserved 1056768K
  class space    used 544K, capacity 698K, committed 768K, reserved 1048576K
}
Event: 267.935 GC heap before
{Heap before GC invocations=189 (full 0):
 garbage-first heap   total 175104K, used 10786K [0x0000000085200000, 0x0000000100000000)
  region size 1024K, 8 young (8192K), 1 survivors (1024K)
 Metaspace       used 5575K, capacity 6714K, committed 6912K, reserved 1056768K
  class space    used 544K, capacity 698K, committed 768K, reserved 1048576K
}

